<?xml version="1.0" encoding="UTF-8"?>
<testsuite xmlns:xsi="http://www.w3.org/2001/XMLSchema-instance" xsi:noNamespaceSchemaLocation="https://maven.apache.org/surefire/maven-surefire-plugin/xsd/surefire-test-report-3.0.xsd" version="3.0" name="org.mainfest.devSquare.DevSqaure.DevSqaureApplicationTests" time="39.657" tests="1" errors="0" skipped="0" failures="0">
  <properties>
    <property name="java.specification.version" value="21"/>
    <property name="sun.cpu.isalist" value="amd64"/>
    <property name="sun.jnu.encoding" value="Cp1252"/>
    <property name="java.class.path" value="C:\Users\mohda\Desktop\DevSqaure\target\test-classes;C:\Users\mohda\Desktop\DevSqaure\target\classes;C:\Users\mohda\.m2\repository\org\springframework\boot\spring-boot-starter-data-mongodb\3.3.2\spring-boot-starter-data-mongodb-3.3.2.jar;C:\Users\mohda\.m2\repository\org\springframework\boot\spring-boot-starter\3.3.2\spring-boot-starter-3.3.2.jar;C:\Users\mohda\.m2\repository\org\springframework\boot\spring-boot\3.3.2\spring-boot-3.3.2.jar;C:\Users\mohda\.m2\repository\org\springframework\boot\spring-boot-autoconfigure\3.3.2\spring-boot-autoconfigure-3.3.2.jar;C:\Users\mohda\.m2\repository\org\springframework\boot\spring-boot-starter-logging\3.3.2\spring-boot-starter-logging-3.3.2.jar;C:\Users\mohda\.m2\repository\ch\qos\logback\logback-classic\1.5.6\logback-classic-1.5.6.jar;C:\Users\mohda\.m2\repository\ch\qos\logback\logback-core\1.5.6\logback-core-1.5.6.jar;C:\Users\mohda\.m2\repository\org\apache\logging\log4j\log4j-to-slf4j\2.23.1\log4j-to-slf4j-2.23.1.jar;C:\Users\mohda\.m2\repository\org\apache\logging\log4j\log4j-api\2.23.1\log4j-api-2.23.1.jar;C:\Users\mohda\.m2\repository\org\slf4j\jul-to-slf4j\2.0.13\jul-to-slf4j-2.0.13.jar;C:\Users\mohda\.m2\repository\jakarta\annotation\jakarta.annotation-api\2.1.1\jakarta.annotation-api-2.1.1.jar;C:\Users\mohda\.m2\repository\org\yaml\snakeyaml\2.2\snakeyaml-2.2.jar;C:\Users\mohda\.m2\repository\org\mongodb\mongodb-driver-sync\5.0.1\mongodb-driver-sync-5.0.1.jar;C:\Users\mohda\.m2\repository\org\mongodb\bson\5.0.1\bson-5.0.1.jar;C:\Users\mohda\.m2\repository\org\mongodb\mongodb-driver-core\5.0.1\mongodb-driver-core-5.0.1.jar;C:\Users\mohda\.m2\repository\org\mongodb\bson-record-codec\5.0.1\bson-record-codec-5.0.1.jar;C:\Users\mohda\.m2\repository\org\springframework\data\spring-data-mongodb\4.3.2\spring-data-mongodb-4.3.2.jar;C:\Users\mohda\.m2\repository\org\springframework\spring-tx\6.1.11\spring-tx-6.1.11.jar;C:\Users\mohda\.m2\repository\org\springframework\spring-context\6.1.11\spring-context-6.1.11.jar;C:\Users\mohda\.m2\repository\org\springframework\spring-beans\6.1.11\spring-beans-6.1.11.jar;C:\Users\mohda\.m2\repository\org\springframework\spring-expression\6.1.11\spring-expression-6.1.11.jar;C:\Users\mohda\.m2\repository\org\springframework\data\spring-data-commons\3.3.2\spring-data-commons-3.3.2.jar;C:\Users\mohda\.m2\repository\org\springframework\boot\spring-boot-starter-web\3.3.2\spring-boot-starter-web-3.3.2.jar;C:\Users\mohda\.m2\repository\org\springframework\boot\spring-boot-starter-json\3.3.2\spring-boot-starter-json-3.3.2.jar;C:\Users\mohda\.m2\repository\com\fasterxml\jackson\datatype\jackson-datatype-jdk8\2.17.2\jackson-datatype-jdk8-2.17.2.jar;C:\Users\mohda\.m2\repository\com\fasterxml\jackson\datatype\jackson-datatype-jsr310\2.17.2\jackson-datatype-jsr310-2.17.2.jar;C:\Users\mohda\.m2\repository\com\fasterxml\jackson\module\jackson-module-parameter-names\2.17.2\jackson-module-parameter-names-2.17.2.jar;C:\Users\mohda\.m2\repository\org\springframework\boot\spring-boot-starter-tomcat\3.3.2\spring-boot-starter-tomcat-3.3.2.jar;C:\Users\mohda\.m2\repository\org\apache\tomcat\embed\tomcat-embed-core\10.1.26\tomcat-embed-core-10.1.26.jar;C:\Users\mohda\.m2\repository\org\apache\tomcat\embed\tomcat-embed-websocket\10.1.26\tomcat-embed-websocket-10.1.26.jar;C:\Users\mohda\.m2\repository\org\springframework\spring-web\6.1.11\spring-web-6.1.11.jar;C:\Users\mohda\.m2\repository\io\micrometer\micrometer-observation\1.13.2\micrometer-observation-1.13.2.jar;C:\Users\mohda\.m2\repository\io\micrometer\micrometer-commons\1.13.2\micrometer-commons-1.13.2.jar;C:\Users\mohda\.m2\repository\org\springframework\spring-webmvc\6.1.11\spring-webmvc-6.1.11.jar;C:\Users\mohda\.m2\repository\org\springframework\boot\spring-boot-starter-security\3.3.2\spring-boot-starter-security-3.3.2.jar;C:\Users\mohda\.m2\repository\org\springframework\spring-aop\6.1.11\spring-aop-6.1.11.jar;C:\Users\mohda\.m2\repository\org\springframework\security\spring-security-config\6.3.1\spring-security-config-6.3.1.jar;C:\Users\mohda\.m2\repository\org\springframework\security\spring-security-core\6.3.1\spring-security-core-6.3.1.jar;C:\Users\mohda\.m2\repository\org\springframework\security\spring-security-crypto\6.3.1\spring-security-crypto-6.3.1.jar;C:\Users\mohda\.m2\repository\org\springframework\security\spring-security-web\6.3.1\spring-security-web-6.3.1.jar;C:\Users\mohda\.m2\repository\org\springframework\boot\spring-boot-starter-validation\3.3.2\spring-boot-starter-validation-3.3.2.jar;C:\Users\mohda\.m2\repository\org\apache\tomcat\embed\tomcat-embed-el\10.1.26\tomcat-embed-el-10.1.26.jar;C:\Users\mohda\.m2\repository\org\hibernate\validator\hibernate-validator\8.0.1.Final\hibernate-validator-8.0.1.Final.jar;C:\Users\mohda\.m2\repository\jakarta\validation\jakarta.validation-api\3.0.2\jakarta.validation-api-3.0.2.jar;C:\Users\mohda\.m2\repository\org\jboss\logging\jboss-logging\3.5.3.Final\jboss-logging-3.5.3.Final.jar;C:\Users\mohda\.m2\repository\com\fasterxml\classmate\1.7.0\classmate-1.7.0.jar;C:\Users\mohda\.m2\repository\org\postgresql\postgresql\42.7.3\postgresql-42.7.3.jar;C:\Users\mohda\.m2\repository\org\checkerframework\checker-qual\3.42.0\checker-qual-3.42.0.jar;C:\Users\mohda\.m2\repository\org\projectlombok\lombok\1.18.34\lombok-1.18.34.jar;C:\Users\mohda\.m2\repository\org\springframework\boot\spring-boot-starter-test\3.3.2\spring-boot-starter-test-3.3.2.jar;C:\Users\mohda\.m2\repository\org\springframework\boot\spring-boot-test\3.3.2\spring-boot-test-3.3.2.jar;C:\Users\mohda\.m2\repository\org\springframework\boot\spring-boot-test-autoconfigure\3.3.2\spring-boot-test-autoconfigure-3.3.2.jar;C:\Users\mohda\.m2\repository\com\jayway\jsonpath\json-path\2.9.0\json-path-2.9.0.jar;C:\Users\mohda\.m2\repository\jakarta\xml\bind\jakarta.xml.bind-api\4.0.2\jakarta.xml.bind-api-4.0.2.jar;C:\Users\mohda\.m2\repository\jakarta\activation\jakarta.activation-api\2.1.3\jakarta.activation-api-2.1.3.jar;C:\Users\mohda\.m2\repository\net\minidev\json-smart\2.5.1\json-smart-2.5.1.jar;C:\Users\mohda\.m2\repository\net\minidev\accessors-smart\2.5.1\accessors-smart-2.5.1.jar;C:\Users\mohda\.m2\repository\org\ow2\asm\asm\9.6\asm-9.6.jar;C:\Users\mohda\.m2\repository\org\assertj\assertj-core\3.25.3\assertj-core-3.25.3.jar;C:\Users\mohda\.m2\repository\org\awaitility\awaitility\4.2.1\awaitility-4.2.1.jar;C:\Users\mohda\.m2\repository\org\hamcrest\hamcrest\2.2\hamcrest-2.2.jar;C:\Users\mohda\.m2\repository\org\junit\jupiter\junit-jupiter\5.10.3\junit-jupiter-5.10.3.jar;C:\Users\mohda\.m2\repository\org\junit\jupiter\junit-jupiter-api\5.10.3\junit-jupiter-api-5.10.3.jar;C:\Users\mohda\.m2\repository\org\opentest4j\opentest4j\1.3.0\opentest4j-1.3.0.jar;C:\Users\mohda\.m2\repository\org\junit\platform\junit-platform-commons\1.10.3\junit-platform-commons-1.10.3.jar;C:\Users\mohda\.m2\repository\org\apiguardian\apiguardian-api\1.1.2\apiguardian-api-1.1.2.jar;C:\Users\mohda\.m2\repository\org\junit\jupiter\junit-jupiter-params\5.10.3\junit-jupiter-params-5.10.3.jar;C:\Users\mohda\.m2\repository\org\junit\jupiter\junit-jupiter-engine\5.10.3\junit-jupiter-engine-5.10.3.jar;C:\Users\mohda\.m2\repository\org\junit\platform\junit-platform-engine\1.10.3\junit-platform-engine-1.10.3.jar;C:\Users\mohda\.m2\repository\org\mockito\mockito-core\5.11.0\mockito-core-5.11.0.jar;C:\Users\mohda\.m2\repository\net\bytebuddy\byte-buddy-agent\1.14.18\byte-buddy-agent-1.14.18.jar;C:\Users\mohda\.m2\repository\org\objenesis\objenesis\3.3\objenesis-3.3.jar;C:\Users\mohda\.m2\repository\org\mockito\mockito-junit-jupiter\5.11.0\mockito-junit-jupiter-5.11.0.jar;C:\Users\mohda\.m2\repository\org\skyscreamer\jsonassert\1.5.3\jsonassert-1.5.3.jar;C:\Users\mohda\.m2\repository\com\vaadin\external\google\android-json\0.0.20131108.vaadin1\android-json-0.0.20131108.vaadin1.jar;C:\Users\mohda\.m2\repository\org\springframework\spring-core\6.1.11\spring-core-6.1.11.jar;C:\Users\mohda\.m2\repository\org\springframework\spring-jcl\6.1.11\spring-jcl-6.1.11.jar;C:\Users\mohda\.m2\repository\org\springframework\spring-test\6.1.11\spring-test-6.1.11.jar;C:\Users\mohda\.m2\repository\org\xmlunit\xmlunit-core\2.9.1\xmlunit-core-2.9.1.jar;C:\Users\mohda\.m2\repository\io\jsonwebtoken\jjwt-api\0.12.5\jjwt-api-0.12.5.jar;C:\Users\mohda\.m2\repository\io\jsonwebtoken\jjwt-jackson\0.12.5\jjwt-jackson-0.12.5.jar;C:\Users\mohda\.m2\repository\com\fasterxml\jackson\core\jackson-databind\2.17.2\jackson-databind-2.17.2.jar;C:\Users\mohda\.m2\repository\com\google\code\gson\gson\2.11.0\gson-2.11.0.jar;C:\Users\mohda\.m2\repository\com\google\errorprone\error_prone_annotations\2.27.0\error_prone_annotations-2.27.0.jar;C:\Users\mohda\.m2\repository\org\springframework\boot\spring-boot-starter-websocket\3.3.2\spring-boot-starter-websocket-3.3.2.jar;C:\Users\mohda\.m2\repository\org\springframework\spring-messaging\6.1.11\spring-messaging-6.1.11.jar;C:\Users\mohda\.m2\repository\org\springframework\spring-websocket\6.1.11\spring-websocket-6.1.11.jar;C:\Users\mohda\.m2\repository\io\jsonwebtoken\jjwt-impl\0.12.5\jjwt-impl-0.12.5.jar;C:\Users\mohda\.m2\repository\org\redisson\redisson\3.35.0\redisson-3.35.0.jar;C:\Users\mohda\.m2\repository\io\netty\netty-common\4.1.111.Final\netty-common-4.1.111.Final.jar;C:\Users\mohda\.m2\repository\io\netty\netty-codec\4.1.111.Final\netty-codec-4.1.111.Final.jar;C:\Users\mohda\.m2\repository\io\netty\netty-buffer\4.1.111.Final\netty-buffer-4.1.111.Final.jar;C:\Users\mohda\.m2\repository\io\netty\netty-transport\4.1.111.Final\netty-transport-4.1.111.Final.jar;C:\Users\mohda\.m2\repository\io\netty\netty-resolver\4.1.111.Final\netty-resolver-4.1.111.Final.jar;C:\Users\mohda\.m2\repository\io\netty\netty-resolver-dns\4.1.111.Final\netty-resolver-dns-4.1.111.Final.jar;C:\Users\mohda\.m2\repository\io\netty\netty-codec-dns\4.1.111.Final\netty-codec-dns-4.1.111.Final.jar;C:\Users\mohda\.m2\repository\io\netty\netty-handler\4.1.111.Final\netty-handler-4.1.111.Final.jar;C:\Users\mohda\.m2\repository\io\netty\netty-transport-native-unix-common\4.1.111.Final\netty-transport-native-unix-common-4.1.111.Final.jar;C:\Users\mohda\.m2\repository\javax\cache\cache-api\1.1.1\cache-api-1.1.1.jar;C:\Users\mohda\.m2\repository\io\projectreactor\reactor-core\3.6.8\reactor-core-3.6.8.jar;C:\Users\mohda\.m2\repository\org\reactivestreams\reactive-streams\1.0.4\reactive-streams-1.0.4.jar;C:\Users\mohda\.m2\repository\io\reactivex\rxjava3\rxjava\3.1.8\rxjava-3.1.8.jar;C:\Users\mohda\.m2\repository\com\esotericsoftware\kryo\5.6.0\kryo-5.6.0.jar;C:\Users\mohda\.m2\repository\com\esotericsoftware\reflectasm\1.11.9\reflectasm-1.11.9.jar;C:\Users\mohda\.m2\repository\com\esotericsoftware\minlog\1.3.1\minlog-1.3.1.jar;C:\Users\mohda\.m2\repository\org\slf4j\slf4j-api\2.0.13\slf4j-api-2.0.13.jar;C:\Users\mohda\.m2\repository\com\fasterxml\jackson\core\jackson-annotations\2.17.2\jackson-annotations-2.17.2.jar;C:\Users\mohda\.m2\repository\com\fasterxml\jackson\dataformat\jackson-dataformat-yaml\2.17.2\jackson-dataformat-yaml-2.17.2.jar;C:\Users\mohda\.m2\repository\com\fasterxml\jackson\core\jackson-core\2.17.2\jackson-core-2.17.2.jar;C:\Users\mohda\.m2\repository\net\bytebuddy\byte-buddy\1.14.18\byte-buddy-1.14.18.jar;C:\Users\mohda\.m2\repository\org\jodd\jodd-util\6.2.2\jodd-util-6.2.2.jar;"/>
    <property name="java.vm.vendor" value="Amazon.com Inc."/>
    <property name="sun.arch.data.model" value="64"/>
    <property name="user.variant" value=""/>
    <property name="java.vendor.url" value="https://aws.amazon.com/corretto/"/>
    <property name="user.timezone" value="Asia/Calcutta"/>
    <property name="org.jboss.logging.provider" value="slf4j"/>
    <property name="os.name" value="Windows 11"/>
    <property name="java.vm.specification.version" value="21"/>
    <property name="sun.java.launcher" value="SUN_STANDARD"/>
    <property name="user.country" value="IN"/>
    <property name="sun.boot.library.path" value="D:\.jdk\bin"/>
    <property name="sun.java.command" value="C:\Users\mohda\AppData\Local\Temp\surefire186286538931475524\surefirebooter-20241110125503037_3.jar C:\Users\mohda\AppData\Local\Temp\surefire186286538931475524 2024-11-10T12-55-02_959-jvmRun1 surefire-20241110125503037_1tmp surefire_0-20241110125503037_2tmp"/>
    <property name="jdk.debug" value="release"/>
    <property name="surefire.test.class.path" value="C:\Users\mohda\Desktop\DevSqaure\target\test-classes;C:\Users\mohda\Desktop\DevSqaure\target\classes;C:\Users\mohda\.m2\repository\org\springframework\boot\spring-boot-starter-data-mongodb\3.3.2\spring-boot-starter-data-mongodb-3.3.2.jar;C:\Users\mohda\.m2\repository\org\springframework\boot\spring-boot-starter\3.3.2\spring-boot-starter-3.3.2.jar;C:\Users\mohda\.m2\repository\org\springframework\boot\spring-boot\3.3.2\spring-boot-3.3.2.jar;C:\Users\mohda\.m2\repository\org\springframework\boot\spring-boot-autoconfigure\3.3.2\spring-boot-autoconfigure-3.3.2.jar;C:\Users\mohda\.m2\repository\org\springframework\boot\spring-boot-starter-logging\3.3.2\spring-boot-starter-logging-3.3.2.jar;C:\Users\mohda\.m2\repository\ch\qos\logback\logback-classic\1.5.6\logback-classic-1.5.6.jar;C:\Users\mohda\.m2\repository\ch\qos\logback\logback-core\1.5.6\logback-core-1.5.6.jar;C:\Users\mohda\.m2\repository\org\apache\logging\log4j\log4j-to-slf4j\2.23.1\log4j-to-slf4j-2.23.1.jar;C:\Users\mohda\.m2\repository\org\apache\logging\log4j\log4j-api\2.23.1\log4j-api-2.23.1.jar;C:\Users\mohda\.m2\repository\org\slf4j\jul-to-slf4j\2.0.13\jul-to-slf4j-2.0.13.jar;C:\Users\mohda\.m2\repository\jakarta\annotation\jakarta.annotation-api\2.1.1\jakarta.annotation-api-2.1.1.jar;C:\Users\mohda\.m2\repository\org\yaml\snakeyaml\2.2\snakeyaml-2.2.jar;C:\Users\mohda\.m2\repository\org\mongodb\mongodb-driver-sync\5.0.1\mongodb-driver-sync-5.0.1.jar;C:\Users\mohda\.m2\repository\org\mongodb\bson\5.0.1\bson-5.0.1.jar;C:\Users\mohda\.m2\repository\org\mongodb\mongodb-driver-core\5.0.1\mongodb-driver-core-5.0.1.jar;C:\Users\mohda\.m2\repository\org\mongodb\bson-record-codec\5.0.1\bson-record-codec-5.0.1.jar;C:\Users\mohda\.m2\repository\org\springframework\data\spring-data-mongodb\4.3.2\spring-data-mongodb-4.3.2.jar;C:\Users\mohda\.m2\repository\org\springframework\spring-tx\6.1.11\spring-tx-6.1.11.jar;C:\Users\mohda\.m2\repository\org\springframework\spring-context\6.1.11\spring-context-6.1.11.jar;C:\Users\mohda\.m2\repository\org\springframework\spring-beans\6.1.11\spring-beans-6.1.11.jar;C:\Users\mohda\.m2\repository\org\springframework\spring-expression\6.1.11\spring-expression-6.1.11.jar;C:\Users\mohda\.m2\repository\org\springframework\data\spring-data-commons\3.3.2\spring-data-commons-3.3.2.jar;C:\Users\mohda\.m2\repository\org\springframework\boot\spring-boot-starter-web\3.3.2\spring-boot-starter-web-3.3.2.jar;C:\Users\mohda\.m2\repository\org\springframework\boot\spring-boot-starter-json\3.3.2\spring-boot-starter-json-3.3.2.jar;C:\Users\mohda\.m2\repository\com\fasterxml\jackson\datatype\jackson-datatype-jdk8\2.17.2\jackson-datatype-jdk8-2.17.2.jar;C:\Users\mohda\.m2\repository\com\fasterxml\jackson\datatype\jackson-datatype-jsr310\2.17.2\jackson-datatype-jsr310-2.17.2.jar;C:\Users\mohda\.m2\repository\com\fasterxml\jackson\module\jackson-module-parameter-names\2.17.2\jackson-module-parameter-names-2.17.2.jar;C:\Users\mohda\.m2\repository\org\springframework\boot\spring-boot-starter-tomcat\3.3.2\spring-boot-starter-tomcat-3.3.2.jar;C:\Users\mohda\.m2\repository\org\apache\tomcat\embed\tomcat-embed-core\10.1.26\tomcat-embed-core-10.1.26.jar;C:\Users\mohda\.m2\repository\org\apache\tomcat\embed\tomcat-embed-websocket\10.1.26\tomcat-embed-websocket-10.1.26.jar;C:\Users\mohda\.m2\repository\org\springframework\spring-web\6.1.11\spring-web-6.1.11.jar;C:\Users\mohda\.m2\repository\io\micrometer\micrometer-observation\1.13.2\micrometer-observation-1.13.2.jar;C:\Users\mohda\.m2\repository\io\micrometer\micrometer-commons\1.13.2\micrometer-commons-1.13.2.jar;C:\Users\mohda\.m2\repository\org\springframework\spring-webmvc\6.1.11\spring-webmvc-6.1.11.jar;C:\Users\mohda\.m2\repository\org\springframework\boot\spring-boot-starter-security\3.3.2\spring-boot-starter-security-3.3.2.jar;C:\Users\mohda\.m2\repository\org\springframework\spring-aop\6.1.11\spring-aop-6.1.11.jar;C:\Users\mohda\.m2\repository\org\springframework\security\spring-security-config\6.3.1\spring-security-config-6.3.1.jar;C:\Users\mohda\.m2\repository\org\springframework\security\spring-security-core\6.3.1\spring-security-core-6.3.1.jar;C:\Users\mohda\.m2\repository\org\springframework\security\spring-security-crypto\6.3.1\spring-security-crypto-6.3.1.jar;C:\Users\mohda\.m2\repository\org\springframework\security\spring-security-web\6.3.1\spring-security-web-6.3.1.jar;C:\Users\mohda\.m2\repository\org\springframework\boot\spring-boot-starter-validation\3.3.2\spring-boot-starter-validation-3.3.2.jar;C:\Users\mohda\.m2\repository\org\apache\tomcat\embed\tomcat-embed-el\10.1.26\tomcat-embed-el-10.1.26.jar;C:\Users\mohda\.m2\repository\org\hibernate\validator\hibernate-validator\8.0.1.Final\hibernate-validator-8.0.1.Final.jar;C:\Users\mohda\.m2\repository\jakarta\validation\jakarta.validation-api\3.0.2\jakarta.validation-api-3.0.2.jar;C:\Users\mohda\.m2\repository\org\jboss\logging\jboss-logging\3.5.3.Final\jboss-logging-3.5.3.Final.jar;C:\Users\mohda\.m2\repository\com\fasterxml\classmate\1.7.0\classmate-1.7.0.jar;C:\Users\mohda\.m2\repository\org\postgresql\postgresql\42.7.3\postgresql-42.7.3.jar;C:\Users\mohda\.m2\repository\org\checkerframework\checker-qual\3.42.0\checker-qual-3.42.0.jar;C:\Users\mohda\.m2\repository\org\projectlombok\lombok\1.18.34\lombok-1.18.34.jar;C:\Users\mohda\.m2\repository\org\springframework\boot\spring-boot-starter-test\3.3.2\spring-boot-starter-test-3.3.2.jar;C:\Users\mohda\.m2\repository\org\springframework\boot\spring-boot-test\3.3.2\spring-boot-test-3.3.2.jar;C:\Users\mohda\.m2\repository\org\springframework\boot\spring-boot-test-autoconfigure\3.3.2\spring-boot-test-autoconfigure-3.3.2.jar;C:\Users\mohda\.m2\repository\com\jayway\jsonpath\json-path\2.9.0\json-path-2.9.0.jar;C:\Users\mohda\.m2\repository\jakarta\xml\bind\jakarta.xml.bind-api\4.0.2\jakarta.xml.bind-api-4.0.2.jar;C:\Users\mohda\.m2\repository\jakarta\activation\jakarta.activation-api\2.1.3\jakarta.activation-api-2.1.3.jar;C:\Users\mohda\.m2\repository\net\minidev\json-smart\2.5.1\json-smart-2.5.1.jar;C:\Users\mohda\.m2\repository\net\minidev\accessors-smart\2.5.1\accessors-smart-2.5.1.jar;C:\Users\mohda\.m2\repository\org\ow2\asm\asm\9.6\asm-9.6.jar;C:\Users\mohda\.m2\repository\org\assertj\assertj-core\3.25.3\assertj-core-3.25.3.jar;C:\Users\mohda\.m2\repository\org\awaitility\awaitility\4.2.1\awaitility-4.2.1.jar;C:\Users\mohda\.m2\repository\org\hamcrest\hamcrest\2.2\hamcrest-2.2.jar;C:\Users\mohda\.m2\repository\org\junit\jupiter\junit-jupiter\5.10.3\junit-jupiter-5.10.3.jar;C:\Users\mohda\.m2\repository\org\junit\jupiter\junit-jupiter-api\5.10.3\junit-jupiter-api-5.10.3.jar;C:\Users\mohda\.m2\repository\org\opentest4j\opentest4j\1.3.0\opentest4j-1.3.0.jar;C:\Users\mohda\.m2\repository\org\junit\platform\junit-platform-commons\1.10.3\junit-platform-commons-1.10.3.jar;C:\Users\mohda\.m2\repository\org\apiguardian\apiguardian-api\1.1.2\apiguardian-api-1.1.2.jar;C:\Users\mohda\.m2\repository\org\junit\jupiter\junit-jupiter-params\5.10.3\junit-jupiter-params-5.10.3.jar;C:\Users\mohda\.m2\repository\org\junit\jupiter\junit-jupiter-engine\5.10.3\junit-jupiter-engine-5.10.3.jar;C:\Users\mohda\.m2\repository\org\junit\platform\junit-platform-engine\1.10.3\junit-platform-engine-1.10.3.jar;C:\Users\mohda\.m2\repository\org\mockito\mockito-core\5.11.0\mockito-core-5.11.0.jar;C:\Users\mohda\.m2\repository\net\bytebuddy\byte-buddy-agent\1.14.18\byte-buddy-agent-1.14.18.jar;C:\Users\mohda\.m2\repository\org\objenesis\objenesis\3.3\objenesis-3.3.jar;C:\Users\mohda\.m2\repository\org\mockito\mockito-junit-jupiter\5.11.0\mockito-junit-jupiter-5.11.0.jar;C:\Users\mohda\.m2\repository\org\skyscreamer\jsonassert\1.5.3\jsonassert-1.5.3.jar;C:\Users\mohda\.m2\repository\com\vaadin\external\google\android-json\0.0.20131108.vaadin1\android-json-0.0.20131108.vaadin1.jar;C:\Users\mohda\.m2\repository\org\springframework\spring-core\6.1.11\spring-core-6.1.11.jar;C:\Users\mohda\.m2\repository\org\springframework\spring-jcl\6.1.11\spring-jcl-6.1.11.jar;C:\Users\mohda\.m2\repository\org\springframework\spring-test\6.1.11\spring-test-6.1.11.jar;C:\Users\mohda\.m2\repository\org\xmlunit\xmlunit-core\2.9.1\xmlunit-core-2.9.1.jar;C:\Users\mohda\.m2\repository\io\jsonwebtoken\jjwt-api\0.12.5\jjwt-api-0.12.5.jar;C:\Users\mohda\.m2\repository\io\jsonwebtoken\jjwt-jackson\0.12.5\jjwt-jackson-0.12.5.jar;C:\Users\mohda\.m2\repository\com\fasterxml\jackson\core\jackson-databind\2.17.2\jackson-databind-2.17.2.jar;C:\Users\mohda\.m2\repository\com\google\code\gson\gson\2.11.0\gson-2.11.0.jar;C:\Users\mohda\.m2\repository\com\google\errorprone\error_prone_annotations\2.27.0\error_prone_annotations-2.27.0.jar;C:\Users\mohda\.m2\repository\org\springframework\boot\spring-boot-starter-websocket\3.3.2\spring-boot-starter-websocket-3.3.2.jar;C:\Users\mohda\.m2\repository\org\springframework\spring-messaging\6.1.11\spring-messaging-6.1.11.jar;C:\Users\mohda\.m2\repository\org\springframework\spring-websocket\6.1.11\spring-websocket-6.1.11.jar;C:\Users\mohda\.m2\repository\io\jsonwebtoken\jjwt-impl\0.12.5\jjwt-impl-0.12.5.jar;C:\Users\mohda\.m2\repository\org\redisson\redisson\3.35.0\redisson-3.35.0.jar;C:\Users\mohda\.m2\repository\io\netty\netty-common\4.1.111.Final\netty-common-4.1.111.Final.jar;C:\Users\mohda\.m2\repository\io\netty\netty-codec\4.1.111.Final\netty-codec-4.1.111.Final.jar;C:\Users\mohda\.m2\repository\io\netty\netty-buffer\4.1.111.Final\netty-buffer-4.1.111.Final.jar;C:\Users\mohda\.m2\repository\io\netty\netty-transport\4.1.111.Final\netty-transport-4.1.111.Final.jar;C:\Users\mohda\.m2\repository\io\netty\netty-resolver\4.1.111.Final\netty-resolver-4.1.111.Final.jar;C:\Users\mohda\.m2\repository\io\netty\netty-resolver-dns\4.1.111.Final\netty-resolver-dns-4.1.111.Final.jar;C:\Users\mohda\.m2\repository\io\netty\netty-codec-dns\4.1.111.Final\netty-codec-dns-4.1.111.Final.jar;C:\Users\mohda\.m2\repository\io\netty\netty-handler\4.1.111.Final\netty-handler-4.1.111.Final.jar;C:\Users\mohda\.m2\repository\io\netty\netty-transport-native-unix-common\4.1.111.Final\netty-transport-native-unix-common-4.1.111.Final.jar;C:\Users\mohda\.m2\repository\javax\cache\cache-api\1.1.1\cache-api-1.1.1.jar;C:\Users\mohda\.m2\repository\io\projectreactor\reactor-core\3.6.8\reactor-core-3.6.8.jar;C:\Users\mohda\.m2\repository\org\reactivestreams\reactive-streams\1.0.4\reactive-streams-1.0.4.jar;C:\Users\mohda\.m2\repository\io\reactivex\rxjava3\rxjava\3.1.8\rxjava-3.1.8.jar;C:\Users\mohda\.m2\repository\com\esotericsoftware\kryo\5.6.0\kryo-5.6.0.jar;C:\Users\mohda\.m2\repository\com\esotericsoftware\reflectasm\1.11.9\reflectasm-1.11.9.jar;C:\Users\mohda\.m2\repository\com\esotericsoftware\minlog\1.3.1\minlog-1.3.1.jar;C:\Users\mohda\.m2\repository\org\slf4j\slf4j-api\2.0.13\slf4j-api-2.0.13.jar;C:\Users\mohda\.m2\repository\com\fasterxml\jackson\core\jackson-annotations\2.17.2\jackson-annotations-2.17.2.jar;C:\Users\mohda\.m2\repository\com\fasterxml\jackson\dataformat\jackson-dataformat-yaml\2.17.2\jackson-dataformat-yaml-2.17.2.jar;C:\Users\mohda\.m2\repository\com\fasterxml\jackson\core\jackson-core\2.17.2\jackson-core-2.17.2.jar;C:\Users\mohda\.m2\repository\net\bytebuddy\byte-buddy\1.14.18\byte-buddy-1.14.18.jar;C:\Users\mohda\.m2\repository\org\jodd\jodd-util\6.2.2\jodd-util-6.2.2.jar;"/>
    <property name="sun.cpu.endian" value="little"/>
    <property name="user.home" value="C:\Users\mohda"/>
    <property name="user.language" value="en"/>
    <property name="java.specification.vendor" value="Oracle Corporation"/>
    <property name="java.version.date" value="2024-10-15"/>
    <property name="java.home" value="D:\.jdk"/>
    <property name="file.separator" value="\"/>
    <property name="basedir" value="C:\Users\mohda\Desktop\DevSqaure"/>
    <property name="java.vm.compressedOopsMode" value="Zero based"/>
    <property name="line.separator" value="&#10;"/>
    <property name="java.vm.specification.vendor" value="Oracle Corporation"/>
    <property name="java.specification.name" value="Java Platform API Specification"/>
    <property name="FILE_LOG_CHARSET" value="UTF-8"/>
    <property name="java.awt.headless" value="true"/>
    <property name="surefire.real.class.path" value="C:\Users\mohda\AppData\Local\Temp\surefire186286538931475524\surefirebooter-20241110125503037_3.jar"/>
    <property name="user.script" value=""/>
    <property name="sun.management.compiler" value="HotSpot 64-Bit Tiered Compilers"/>
    <property name="java.runtime.version" value="21.0.5+11-LTS"/>
    <property name="user.name" value="mohda"/>
    <property name="stdout.encoding" value="Cp1252"/>
    <property name="path.separator" value=";"/>
    <property name="os.version" value="10.0"/>
    <property name="java.runtime.name" value="OpenJDK Runtime Environment"/>
    <property name="file.encoding" value="UTF-8"/>
    <property name="java.vm.name" value="OpenJDK 64-Bit Server VM"/>
    <property name="java.vendor.version" value="Corretto-21.0.5.11.1"/>
    <property name="localRepository" value="C:\Users\mohda\.m2\repository"/>
    <property name="java.vendor.url.bug" value="https://github.com/corretto/corretto-21/issues/"/>
    <property name="java.io.tmpdir" value="C:\Users\mohda\AppData\Local\Temp\"/>
    <property name="idea.version" value="2024.1.3"/>
    <property name="java.version" value="21.0.5"/>
    <property name="user.dir" value="C:\Users\mohda\Desktop\DevSqaure"/>
    <property name="os.arch" value="amd64"/>
    <property name="java.vm.specification.name" value="Java Virtual Machine Specification"/>
    <property name="PID" value="9440"/>
    <property name="sun.os.patch.level" value=""/>
    <property name="CONSOLE_LOG_CHARSET" value="UTF-8"/>
    <property name="native.encoding" value="Cp1252"/>
    <property name="java.library.path" value="D:\.jdk\bin;C:\Windows\Sun\Java\bin;C:\Windows\system32;C:\Windows;C:\Program Files\Common Files\Oracle\Java\javapath;C:\Windows\system32;C:\Windows;C:\Windows\System32\Wbem;C:\Windows\System32\WindowsPowerShell\v1.0\;C:\Windows\System32\OpenSSH\;C:\ProgramData\chocolatey\bin;C:\Program Files\Git\cmd;D:\postgresssetup\bin;C:\Program Files\Docker\Docker\resources\bin;C:\Program Files (x86)\cloudflared\;D:\JAVAFullstack\nvm;C:\Program Files\nodejs;C:\Program Files\nodejs\;C:\Users\mohda\AppData\Roaming\npm;D:\JAVA\bin;C:\Users\mohda\.cargo\bin;D:\Microsoft VS Code\bin;."/>
    <property name="java.vm.info" value="mixed mode, sharing"/>
    <property name="stderr.encoding" value="Cp1252"/>
    <property name="java.vendor" value="Amazon.com Inc."/>
    <property name="java.vm.version" value="21.0.5+11-LTS"/>
    <property name="sun.io.unicode.encoding" value="UnicodeLittle"/>
    <property name="java.class.version" value="65.0"/>
    <property name="LOGGED_APPLICATION_NAME" value="[DevSquare] "/>
  </properties>
  <testcase name="initialize" classname="org.mainfest.devSquare.DevSqaure.DevSqaureApplicationTests" time="0.866">
    <system-out><![CDATA[12:55:04.409 [main] INFO org.springframework.test.context.support.AnnotationConfigContextLoaderUtils -- Could not detect default configuration classes for test class [org.mainfest.devSquare.DevSqaure.DevSqaureApplicationTests]: DevSqaureApplicationTests does not declare any static, non-private, non-final, nested classes annotated with @Configuration.
12:55:04.550 [main] INFO org.springframework.boot.test.context.SpringBootTestContextBootstrapper -- Found @SpringBootConfiguration org.mainfest.devSquare.DevSqaure.DevSqaureApplication for test class org.mainfest.devSquare.DevSqaure.DevSqaureApplicationTests

  .   ____          _            __ _ _
 /\\ / ___'_ __ _ _(_)_ __  __ _ \ \ \ \
( ( )\___ | '_ | '_| | '_ \/ _` | \ \ \ \
 \\/  ___)| |_)| | | | | || (_| |  ) ) ) )
  '  |____| .__|_| |_|_| |_\__, | / / / /
 =========|_|==============|___/=/_/_/_/

 :: Spring Boot ::                (v3.3.2)

2024-11-10T12:55:05.364+05:30  INFO 9440 --- [DevSquare] [           main] o.m.d.D.DevSqaureApplicationTests        : Starting DevSqaureApplicationTests using Java 21.0.5 with PID 9440 (started by mohda in C:\Users\mohda\Desktop\DevSqaure)
2024-11-10T12:55:05.364+05:30  INFO 9440 --- [DevSquare] [           main] o.m.d.D.DevSqaureApplicationTests        : No active profile set, falling back to 1 default profile: "default"
2024-11-10T12:55:06.253+05:30  INFO 9440 --- [DevSquare] [           main] .s.d.r.c.RepositoryConfigurationDelegate : Bootstrapping Spring Data MongoDB repositories in DEFAULT mode.
2024-11-10T12:55:06.471+05:30  INFO 9440 --- [DevSquare] [           main] .s.d.r.c.RepositoryConfigurationDelegate : Finished Spring Data repository scanning in 216 ms. Found 2 MongoDB repository interfaces.
2024-11-10T12:55:07.440+05:30  INFO 9440 --- [DevSquare] [uhr.mongodb.net] org.mongodb.driver.cluster               : Adding discovered server devcluster-shard-00-00.97uhr.mongodb.net:27017 to client view of cluster
2024-11-10T12:55:07.463+05:30  INFO 9440 --- [DevSquare] [           main] org.mongodb.driver.client                : MongoClient with metadata {"application": {"name": "DevCluster"}, "driver": {"name": "mongo-java-driver|sync|spring-boot", "version": "5.0.1"}, "os": {"type": "Windows", "name": "Windows 11", "architecture": "amd64", "version": "10.0"}, "platform": "Java/Amazon.com Inc./21.0.5+11-LTS"} created with settings MongoClientSettings{readPreference=primary, writeConcern=WriteConcern{w=majority, wTimeout=null ms, journal=null}, retryWrites=true, retryReads=true, readConcern=ReadConcern{level=null}, credential=MongoCredential{mechanism=null, userName='Ayan', source='admin', password=<hidden>, mechanismProperties=<hidden>}, transportSettings=null, commandListeners=[], codecRegistry=ProvidersCodecRegistry{codecProviders=[ValueCodecProvider{}, BsonValueCodecProvider{}, DBRefCodecProvider{}, DBObjectCodecProvider{}, DocumentCodecProvider{}, CollectionCodecProvider{}, IterableCodecProvider{}, MapCodecProvider{}, GeoJsonCodecProvider{}, GridFSFileCodecProvider{}, Jsr310CodecProvider{}, JsonObjectCodecProvider{}, BsonCodecProvider{}, EnumCodecProvider{}, com.mongodb.client.model.mql.ExpressionCodecProvider@794240e2, com.mongodb.Jep395RecordCodecProvider@74a820bf, com.mongodb.KotlinCodecProvider@5a30722c]}, loggerSettings=LoggerSettings{maxDocumentLength=1000}, clusterSettings={hosts=[127.0.0.1:27017], srvHost=devcluster.97uhr.mongodb.net, srvServiceName=mongodb, mode=MULTIPLE, requiredClusterType=REPLICA_SET, requiredReplicaSetName='atlas-96wny7-shard-0', serverSelector='null', clusterListeners='[]', serverSelectionTimeout='30000 ms', localThreshold='15 ms'}, socketSettings=SocketSettings{connectTimeoutMS=10000, readTimeoutMS=0, receiveBufferSize=0, proxySettings=ProxySettings{host=null, port=null, username=null, password=null}}, heartbeatSocketSettings=SocketSettings{connectTimeoutMS=10000, readTimeoutMS=10000, receiveBufferSize=0, proxySettings=ProxySettings{host=null, port=null, username=null, password=null}}, connectionPoolSettings=ConnectionPoolSettings{maxSize=100, minSize=0, maxWaitTimeMS=120000, maxConnectionLifeTimeMS=0, maxConnectionIdleTimeMS=0, maintenanceInitialDelayMS=0, maintenanceFrequencyMS=60000, connectionPoolListeners=[], maxConnecting=2}, serverSettings=ServerSettings{heartbeatFrequencyMS=10000, minHeartbeatFrequencyMS=500, serverListeners='[]', serverMonitorListeners='[]'}, sslSettings=SslSettings{enabled=true, invalidHostNameAllowed=false, context=null}, applicationName='DevCluster', compressorList=[], uuidRepresentation=JAVA_LEGACY, serverApi=null, autoEncryptionSettings=null, dnsClient=null, inetAddressResolver=null, contextProvider=null}
2024-11-10T12:55:07.483+05:30  INFO 9440 --- [DevSquare] [uhr.mongodb.net] org.mongodb.driver.cluster               : Adding discovered server devcluster-shard-00-01.97uhr.mongodb.net:27017 to client view of cluster
2024-11-10T12:55:07.486+05:30  INFO 9440 --- [DevSquare] [uhr.mongodb.net] org.mongodb.driver.cluster               : Adding discovered server devcluster-shard-00-02.97uhr.mongodb.net:27017 to client view of cluster
2024-11-10T12:55:08.016+05:30  INFO 9440 --- [DevSquare] [           main] org.mongodb.driver.cluster               : Waiting for server to become available for operation with ID 7. Remaining time: 30000 ms. Selector: WritableServerSelector, topology description: {type=REPLICA_SET, servers=[{address=devcluster-shard-00-02.97uhr.mongodb.net:27017, type=UNKNOWN, state=CONNECTING}, {address=devcluster-shard-00-00.97uhr.mongodb.net:27017, type=UNKNOWN, state=CONNECTING}, {address=devcluster-shard-00-01.97uhr.mongodb.net:27017, type=UNKNOWN, state=CONNECTING}].
2024-11-10T12:55:08.343+05:30  INFO 9440 --- [DevSquare] [ngodb.net:27017] org.mongodb.driver.cluster               : Monitor thread successfully connected to server with description ServerDescription{address=devcluster-shard-00-00.97uhr.mongodb.net:27017, type=REPLICA_SET_SECONDARY, state=CONNECTED, ok=true, minWireVersion=0, maxWireVersion=21, maxDocumentSize=16777216, logicalSessionTimeoutMinutes=30, roundTripTimeNanos=450227700, setName='atlas-96wny7-shard-0', canonicalAddress=devcluster-shard-00-00.97uhr.mongodb.net:27017, hosts=[devcluster-shard-00-02.97uhr.mongodb.net:27017, devcluster-shard-00-01.97uhr.mongodb.net:27017, devcluster-shard-00-00.97uhr.mongodb.net:27017], passives=[], arbiters=[], primary='devcluster-shard-00-01.97uhr.mongodb.net:27017', tagSet=TagSet{[Tag{name='availabilityZone', value='aps1-az1'}, Tag{name='diskState', value='READY'}, Tag{name='nodeType', value='ELECTABLE'}, Tag{name='provider', value='AWS'}, Tag{name='region', value='AP_SOUTH_1'}, Tag{name='workloadType', value='OPERATIONAL'}]}, electionId=null, setVersion=1, topologyVersion=TopologyVersion{processId=672282d00d217ba6b62eaca3, counter=4}, lastWriteDate=Sun Nov 10 12:54:35 IST 2024, lastUpdateTimeNanos=2075779522186000}
2024-11-10T12:55:08.343+05:30  INFO 9440 --- [DevSquare] [ngodb.net:27017] org.mongodb.driver.cluster               : Monitor thread successfully connected to server with description ServerDescription{address=devcluster-shard-00-02.97uhr.mongodb.net:27017, type=REPLICA_SET_SECONDARY, state=CONNECTED, ok=true, minWireVersion=0, maxWireVersion=21, maxDocumentSize=16777216, logicalSessionTimeoutMinutes=30, roundTripTimeNanos=450206500, setName='atlas-96wny7-shard-0', canonicalAddress=devcluster-shard-00-02.97uhr.mongodb.net:27017, hosts=[devcluster-shard-00-02.97uhr.mongodb.net:27017, devcluster-shard-00-01.97uhr.mongodb.net:27017, devcluster-shard-00-00.97uhr.mongodb.net:27017], passives=[], arbiters=[], primary='devcluster-shard-00-01.97uhr.mongodb.net:27017', tagSet=TagSet{[Tag{name='availabilityZone', value='aps1-az2'}, Tag{name='diskState', value='READY'}, Tag{name='nodeType', value='ELECTABLE'}, Tag{name='provider', value='AWS'}, Tag{name='region', value='AP_SOUTH_1'}, Tag{name='workloadType', value='OPERATIONAL'}]}, electionId=null, setVersion=1, topologyVersion=TopologyVersion{processId=672283204c8d23305cae6b55, counter=3}, lastWriteDate=Sun Nov 10 12:54:35 IST 2024, lastUpdateTimeNanos=2075779522186100}
2024-11-10T12:55:08.343+05:30  INFO 9440 --- [DevSquare] [ngodb.net:27017] org.mongodb.driver.cluster               : Monitor thread successfully connected to server with description ServerDescription{address=devcluster-shard-00-01.97uhr.mongodb.net:27017, type=REPLICA_SET_PRIMARY, state=CONNECTED, ok=true, minWireVersion=0, maxWireVersion=21, maxDocumentSize=16777216, logicalSessionTimeoutMinutes=30, roundTripTimeNanos=450228700, setName='atlas-96wny7-shard-0', canonicalAddress=devcluster-shard-00-01.97uhr.mongodb.net:27017, hosts=[devcluster-shard-00-02.97uhr.mongodb.net:27017, devcluster-shard-00-01.97uhr.mongodb.net:27017, devcluster-shard-00-00.97uhr.mongodb.net:27017], passives=[], arbiters=[], primary='devcluster-shard-00-01.97uhr.mongodb.net:27017', tagSet=TagSet{[Tag{name='availabilityZone', value='aps1-az3'}, Tag{name='diskState', value='READY'}, Tag{name='nodeType', value='ELECTABLE'}, Tag{name='provider', value='AWS'}, Tag{name='region', value='AP_SOUTH_1'}, Tag{name='workloadType', value='OPERATIONAL'}]}, electionId=7fffffff000000000000000a, setVersion=1, topologyVersion=TopologyVersion{processId=672282f715cdecc57a4b268e, counter=6}, lastWriteDate=Sun Nov 10 12:54:35 IST 2024, lastUpdateTimeNanos=2075779522186000}
2024-11-10T12:55:08.346+05:30  INFO 9440 --- [DevSquare] [ngodb.net:27017] org.mongodb.driver.cluster               : Discovered replica set primary devcluster-shard-00-01.97uhr.mongodb.net:27017 with max election id 7fffffff000000000000000a and max set version 1
2024-11-10T12:55:09.301+05:30  INFO 9440 --- [DevSquare] [           main] org.redisson.Version                     : Redisson 3.35.0
2024-11-10T12:55:23.980+05:30  INFO 9440 --- [DevSquare] [isson-netty-1-7] o.redisson.connection.ConnectionsHolder  : 1 connections initialized for singapore-redis.render.com/52.74.150.82:6379
2024-11-10T12:55:30.728+05:30  INFO 9440 --- [DevSquare] [sson-netty-1-23] o.redisson.connection.ConnectionsHolder  : 1 connections initialized for singapore-redis.render.com/52.74.150.82:6379
2024-11-10T12:55:42.007+05:30  INFO 9440 --- [DevSquare] [isson-netty-1-4] o.redisson.connection.ConnectionsHolder  : 24 connections initialized for singapore-redis.render.com/52.74.150.82:6379
2024-11-10T12:55:42.054+05:30  WARN 9440 --- [DevSquare] [           main] r$InitializeUserDetailsManagerConfigurer : Global AuthenticationManager configured with an AuthenticationProvider bean. UserDetailsService beans will not be used for username/password login. Consider removing the AuthenticationProvider bean. Alternatively, consider using the UserDetailsService in a manually instantiated DaoAuthenticationProvider.
2024-11-10T12:55:42.779+05:30  INFO 9440 --- [DevSquare] [           main] o.s.m.s.b.SimpleBrokerMessageHandler     : Starting...
2024-11-10T12:55:42.779+05:30  INFO 9440 --- [DevSquare] [           main] o.s.m.s.b.SimpleBrokerMessageHandler     : BrokerAvailabilityEvent[available=true, SimpleBrokerMessageHandler [org.springframework.messaging.simp.broker.DefaultSubscriptionRegistry@430f0c63]]
2024-11-10T12:55:42.779+05:30  INFO 9440 --- [DevSquare] [           main] o.s.m.s.b.SimpleBrokerMessageHandler     : Started.
2024-11-10T12:55:42.799+05:30  INFO 9440 --- [DevSquare] [           main] o.m.d.D.DevSqaureApplicationTests        : Started DevSqaureApplicationTests in 37.968 seconds (process running for 39.662)
2024-11-10T12:55:42.864+05:30  INFO 9440 --- [DevSquare] [       Thread-2] org.mongodb.driver.client                : MongoClient with metadata {"application": {"name": "DevCluster"}, "driver": {"name": "mongo-java-driver|sync", "version": "5.0.1"}, "os": {"type": "Windows", "name": "Windows 11", "architecture": "amd64", "version": "10.0"}, "platform": "Java/Amazon.com Inc./21.0.5+11-LTS"} created with settings MongoClientSettings{readPreference=primary, writeConcern=WriteConcern{w=majority, wTimeout=null ms, journal=null}, retryWrites=true, retryReads=true, readConcern=ReadConcern{level=null}, credential=MongoCredential{mechanism=null, userName='Ayan', source='admin', password=<hidden>, mechanismProperties=<hidden>}, transportSettings=null, commandListeners=[], codecRegistry=ProvidersCodecRegistry{codecProviders=[ValueCodecProvider{}, BsonValueCodecProvider{}, DBRefCodecProvider{}, DBObjectCodecProvider{}, DocumentCodecProvider{}, CollectionCodecProvider{}, IterableCodecProvider{}, MapCodecProvider{}, GeoJsonCodecProvider{}, GridFSFileCodecProvider{}, Jsr310CodecProvider{}, JsonObjectCodecProvider{}, BsonCodecProvider{}, EnumCodecProvider{}, com.mongodb.client.model.mql.ExpressionCodecProvider@794240e2, com.mongodb.Jep395RecordCodecProvider@74a820bf, com.mongodb.KotlinCodecProvider@5a30722c]}, loggerSettings=LoggerSettings{maxDocumentLength=1000}, clusterSettings={hosts=[127.0.0.1:27017], srvHost=devcluster.97uhr.mongodb.net, srvServiceName=mongodb, mode=MULTIPLE, requiredClusterType=REPLICA_SET, requiredReplicaSetName='atlas-96wny7-shard-0', serverSelector='null', clusterListeners='[]', serverSelectionTimeout='30000 ms', localThreshold='15 ms'}, socketSettings=SocketSettings{connectTimeoutMS=10000, readTimeoutMS=0, receiveBufferSize=0, proxySettings=ProxySettings{host=null, port=null, username=null, password=null}}, heartbeatSocketSettings=SocketSettings{connectTimeoutMS=10000, readTimeoutMS=10000, receiveBufferSize=0, proxySettings=ProxySettings{host=null, port=null, username=null, password=null}}, connectionPoolSettings=ConnectionPoolSettings{maxSize=100, minSize=0, maxWaitTimeMS=120000, maxConnectionLifeTimeMS=0, maxConnectionIdleTimeMS=0, maintenanceInitialDelayMS=0, maintenanceFrequencyMS=60000, connectionPoolListeners=[], maxConnecting=2}, serverSettings=ServerSettings{heartbeatFrequencyMS=10000, minHeartbeatFrequencyMS=500, serverListeners='[]', serverMonitorListeners='[]'}, sslSettings=SslSettings{enabled=true, invalidHostNameAllowed=false, context=null}, applicationName='DevCluster', compressorList=[], uuidRepresentation=UNSPECIFIED, serverApi=null, autoEncryptionSettings=null, dnsClient=null, inetAddressResolver=null, contextProvider=null}
2024-11-10T12:55:42.897+05:30  INFO 9440 --- [DevSquare] [uhr.mongodb.net] org.mongodb.driver.cluster               : Adding discovered server devcluster-shard-00-00.97uhr.mongodb.net:27017 to client view of cluster
2024-11-10T12:55:42.897+05:30  INFO 9440 --- [DevSquare] [uhr.mongodb.net] org.mongodb.driver.cluster               : Adding discovered server devcluster-shard-00-01.97uhr.mongodb.net:27017 to client view of cluster
2024-11-10T12:55:42.897+05:30  INFO 9440 --- [DevSquare] [uhr.mongodb.net] org.mongodb.driver.cluster               : Adding discovered server devcluster-shard-00-02.97uhr.mongodb.net:27017 to client view of cluster
2024-11-10T12:55:42.935+05:30  INFO 9440 --- [DevSquare] [       Thread-2] org.mongodb.driver.cluster               : Waiting for server to become available for operation with ID 20. Remaining time: 30000 ms. Selector: ReadPreferenceServerSelector{readPreference=primary}, topology description: {type=REPLICA_SET, servers=[{address=devcluster-shard-00-02.97uhr.mongodb.net:27017, type=UNKNOWN, state=CONNECTING}, {address=devcluster-shard-00-00.97uhr.mongodb.net:27017, type=UNKNOWN, state=CONNECTING}, {address=devcluster-shard-00-01.97uhr.mongodb.net:27017, type=UNKNOWN, state=CONNECTING}].
2024-11-10T12:55:43.055+05:30  INFO 9440 --- [DevSquare] [ngodb.net:27017] org.mongodb.driver.cluster               : Monitor thread successfully connected to server with description ServerDescription{address=devcluster-shard-00-00.97uhr.mongodb.net:27017, type=REPLICA_SET_SECONDARY, state=CONNECTED, ok=true, minWireVersion=0, maxWireVersion=21, maxDocumentSize=16777216, logicalSessionTimeoutMinutes=30, roundTripTimeNanos=80871200, setName='atlas-96wny7-shard-0', canonicalAddress=devcluster-shard-00-00.97uhr.mongodb.net:27017, hosts=[devcluster-shard-00-02.97uhr.mongodb.net:27017, devcluster-shard-00-01.97uhr.mongodb.net:27017, devcluster-shard-00-00.97uhr.mongodb.net:27017], passives=[], arbiters=[], primary='devcluster-shard-00-01.97uhr.mongodb.net:27017', tagSet=TagSet{[Tag{name='availabilityZone', value='aps1-az1'}, Tag{name='diskState', value='READY'}, Tag{name='nodeType', value='ELECTABLE'}, Tag{name='provider', value='AWS'}, Tag{name='region', value='AP_SOUTH_1'}, Tag{name='workloadType', value='OPERATIONAL'}]}, electionId=null, setVersion=1, topologyVersion=TopologyVersion{processId=672282d00d217ba6b62eaca3, counter=4}, lastWriteDate=Sun Nov 10 12:55:15 IST 2024, lastUpdateTimeNanos=2075814240579100}
2024-11-10T12:55:43.071+05:30  INFO 9440 --- [DevSquare] [ngodb.net:27017] org.mongodb.driver.cluster               : Monitor thread successfully connected to server with description ServerDescription{address=devcluster-shard-00-02.97uhr.mongodb.net:27017, type=REPLICA_SET_SECONDARY, state=CONNECTED, ok=true, minWireVersion=0, maxWireVersion=21, maxDocumentSize=16777216, logicalSessionTimeoutMinutes=30, roundTripTimeNanos=93298500, setName='atlas-96wny7-shard-0', canonicalAddress=devcluster-shard-00-02.97uhr.mongodb.net:27017, hosts=[devcluster-shard-00-02.97uhr.mongodb.net:27017, devcluster-shard-00-01.97uhr.mongodb.net:27017, devcluster-shard-00-00.97uhr.mongodb.net:27017], passives=[], arbiters=[], primary='devcluster-shard-00-01.97uhr.mongodb.net:27017', tagSet=TagSet{[Tag{name='availabilityZone', value='aps1-az2'}, Tag{name='diskState', value='READY'}, Tag{name='nodeType', value='ELECTABLE'}, Tag{name='provider', value='AWS'}, Tag{name='region', value='AP_SOUTH_1'}, Tag{name='workloadType', value='OPERATIONAL'}]}, electionId=null, setVersion=1, topologyVersion=TopologyVersion{processId=672283204c8d23305cae6b55, counter=3}, lastWriteDate=Sun Nov 10 12:55:15 IST 2024, lastUpdateTimeNanos=2075814260151200}
2024-11-10T12:55:43.086+05:30  INFO 9440 --- [DevSquare] [ngodb.net:27017] org.mongodb.driver.cluster               : Monitor thread successfully connected to server with description ServerDescription{address=devcluster-shard-00-01.97uhr.mongodb.net:27017, type=REPLICA_SET_PRIMARY, state=CONNECTED, ok=true, minWireVersion=0, maxWireVersion=21, maxDocumentSize=16777216, logicalSessionTimeoutMinutes=30, roundTripTimeNanos=112329400, setName='atlas-96wny7-shard-0', canonicalAddress=devcluster-shard-00-01.97uhr.mongodb.net:27017, hosts=[devcluster-shard-00-02.97uhr.mongodb.net:27017, devcluster-shard-00-01.97uhr.mongodb.net:27017, devcluster-shard-00-00.97uhr.mongodb.net:27017], passives=[], arbiters=[], primary='devcluster-shard-00-01.97uhr.mongodb.net:27017', tagSet=TagSet{[Tag{name='availabilityZone', value='aps1-az3'}, Tag{name='diskState', value='READY'}, Tag{name='nodeType', value='ELECTABLE'}, Tag{name='provider', value='AWS'}, Tag{name='region', value='AP_SOUTH_1'}, Tag{name='workloadType', value='OPERATIONAL'}]}, electionId=7fffffff000000000000000a, setVersion=1, topologyVersion=TopologyVersion{processId=672282f715cdecc57a4b268e, counter=6}, lastWriteDate=Sun Nov 10 12:55:15 IST 2024, lastUpdateTimeNanos=2075814274742000}
2024-11-10T12:55:43.086+05:30  INFO 9440 --- [DevSquare] [ngodb.net:27017] org.mongodb.driver.cluster               : Discovered replica set primary devcluster-shard-00-01.97uhr.mongodb.net:27017 with max election id 7fffffff000000000000000a and max set version 1
]]></system-out>
    <system-err><![CDATA[WARNING: A Java agent has been loaded dynamically (C:\Users\mohda\.m2\repository\net\bytebuddy\byte-buddy-agent\1.14.18\byte-buddy-agent-1.14.18.jar)
WARNING: If a serviceability tool is in use, please run with -XX:+EnableDynamicAgentLoading to hide this warning
WARNING: If a serviceability tool is not in use, please run with -Djdk.instrument.traceUsage for more information
WARNING: Dynamic loading of agents will be disallowed by default in a future release
]]></system-err>
  </testcase>
</testsuite>